2012/03/02 14:05:14 INFO  - jmeter.util.JMeterUtils: Setting Locale to en_GB 
2012/03/02 14:05:14 INFO  - jmeter.JMeter: Loading user properties from: C:\Workingcopies\Tommy\millennium-promise-trunk\Build\Tools\apache-jmeter-2.6\bin\user.properties 
2012/03/02 14:05:14 INFO  - jmeter.JMeter: Loading system properties from: C:\Workingcopies\Tommy\millennium-promise-trunk\Build\Tools\apache-jmeter-2.6\bin\system.properties 
2012/03/02 14:05:14 INFO  - jmeter.JMeter: Copyright (c) 1998-2012 The Apache Software Foundation 
2012/03/02 14:05:14 INFO  - jmeter.JMeter: Version 2.6 r1237317 
2012/03/02 14:05:14 INFO  - jmeter.JMeter: java.version=1.6.0_22 
2012/03/02 14:05:14 INFO  - jmeter.JMeter: java.vm.name=Java HotSpot(TM) 64-Bit Server VM 
2012/03/02 14:05:14 INFO  - jmeter.JMeter: os.name=Windows 7 
2012/03/02 14:05:14 INFO  - jmeter.JMeter: os.arch=amd64 
2012/03/02 14:05:14 INFO  - jmeter.JMeter: os.version=6.1 
2012/03/02 14:05:14 INFO  - jmeter.JMeter: file.encoding=Cp1252 
2012/03/02 14:05:14 INFO  - jmeter.JMeter: Default Locale=English (United Kingdom) 
2012/03/02 14:05:14 INFO  - jmeter.JMeter: JMeter  Locale=English (United Kingdom) 
2012/03/02 14:05:14 INFO  - jmeter.JMeter: JMeterHome=C:\Workingcopies\Tommy\millennium-promise-trunk\Build\Tools\apache-jmeter-2.6 
2012/03/02 14:05:14 INFO  - jmeter.JMeter: user.dir  =C:\Workingcopies\Tommy\millennium-promise-trunk\Build\Tools\apache-jmeter-2.6\bin 
2012/03/02 14:05:14 INFO  - jmeter.JMeter: PWD       =C:\Workingcopies\Tommy\millennium-promise-trunk\Build\Tools\apache-jmeter-2.6\bin 
2012/03/02 14:05:14 INFO  - jmeter.JMeter: IP: 10.6.100.31 Name: AMSP5H3X3Q1L FullName: AMSP5H3X3Q1L.emea.akqa.local 
2012/03/02 14:05:14 INFO  - jmeter.JMeter: Loaded icon properties from org/apache/jmeter/images/icon.properties 
2012/03/02 14:05:15 INFO  - jmeter.engine.util.CompoundVariable: Note: Function class names must contain the string: '.functions.' 
2012/03/02 14:05:15 INFO  - jmeter.engine.util.CompoundVariable: Note: Function class names must not contain the string: '.gui.' 
2012/03/02 14:05:15 INFO  - jmeter.gui.action.LookAndFeelCommand: Using look and feel: javax.swing.plaf.metal.MetalLookAndFeel [Metal, CrossPlatform] 
2012/03/02 14:05:15 INFO  - jmeter.util.BSFTestElement: Registering JMeter version of JavaScript engine as work-round for BSF-22 
2012/03/02 14:05:16 INFO  - jmeter.protocol.http.sampler.HTTPSamplerBase: Cannot find .className property for htmlParser, using default 
2012/03/02 14:05:16 INFO  - jmeter.protocol.http.sampler.HTTPSamplerBase: Parser for text/html is  
2012/03/02 14:05:16 INFO  - jmeter.protocol.http.sampler.HTTPSamplerBase: Parser for application/xhtml+xml is  
2012/03/02 14:05:16 INFO  - jmeter.protocol.http.sampler.HTTPSamplerBase: Parser for application/xml is  
2012/03/02 14:05:16 INFO  - jmeter.protocol.http.sampler.HTTPSamplerBase: Parser for text/xml is  
2012/03/02 14:05:16 INFO  - jmeter.protocol.http.sampler.HTTPSamplerBase: Parser for text/vnd.wap.wml is org.apache.jmeter.protocol.http.parser.RegexpHTMLParser 
2012/03/02 14:05:16 INFO  - jmeter.protocol.http.sampler.HTTPSamplerBase: Reuse SSL session context on subsequent iterations: true 
2012/03/02 14:05:16 INFO  - jmeter.gui.util.MenuFactory: Skipping org.apache.jmeter.protocol.http.modifier.gui.ParamModifierGui 
2012/03/02 14:05:16 INFO  - jmeter.samplers.SampleResult: Note: Sample TimeStamps are START times 
2012/03/02 14:05:16 INFO  - jmeter.samplers.SampleResult: sampleresult.default.encoding is set to ISO-8859-1 
2012/03/02 14:05:16 INFO  - jmeter.samplers.SampleResult: sampleresult.useNanoTime=true 
2012/03/02 14:05:16 INFO  - jmeter.samplers.SampleResult: sampleresult.nanoThreadSleep=5000 
2012/03/02 14:05:27 INFO  - jmeter.services.FileServer: Default base='C:\Workingcopies\Tommy\millennium-promise-trunk\Build\Tools\apache-jmeter-2.6\bin' 
2012/03/02 14:05:27 INFO  - jmeter.gui.action.Load: Loading file: C:\Workingcopies\Tommy\millennium-promise-trunk\IntegrationTests\JMeterTests\CSVSample.jmx 
2012/03/02 14:05:27 INFO  - jmeter.services.FileServer: Set new base='C:\Workingcopies\Tommy\millennium-promise-trunk\IntegrationTests\JMeterTests' 
2012/03/02 14:05:27 INFO  - jmeter.save.SaveService: Testplan (JMX) version: 2.2. Testlog (JTL) version: 2.2 
2012/03/02 14:05:28 INFO  - jmeter.save.SaveService: Using SaveService properties file encoding UTF-8 
2012/03/02 14:05:28 INFO  - jmeter.save.SaveService: Using SaveService properties file version 1234216 
2012/03/02 14:05:28 INFO  - jmeter.save.SaveService: Using SaveService properties version 2.2 
2012/03/02 14:05:28 INFO  - jmeter.save.SaveService: All converter versions present and correct 
2012/03/02 14:05:28 INFO  - jmeter.services.FileServer: Set new base='C:\Workingcopies\Tommy\millennium-promise-trunk\IntegrationTests\JMeterTests' 
2012/03/02 14:05:51 INFO  - jmeter.engine.StandardJMeterEngine: Listeners will be started after enabling running version 
2012/03/02 14:05:51 INFO  - jmeter.engine.StandardJMeterEngine: To revert to the earlier behaviour, define jmeterengine.startlistenerslater=false 
2012/03/02 14:05:51 INFO  - jmeter.engine.StandardJMeterEngine: Running the test! 
2012/03/02 14:05:51 INFO  - jmeter.gui.util.JMeterMenuBar: setRunning(true,*local*) 
2012/03/02 14:05:51 INFO  - jmeter.engine.StandardJMeterEngine: Starting 1 threads for group Thread Group. 
2012/03/02 14:05:51 INFO  - jmeter.engine.StandardJMeterEngine: Thread will continue on error 
2012/03/02 14:05:51 INFO  - jmeter.threads.JMeterThread: jmeterthread.startearlier=true (see jmeter.properties) 
2012/03/02 14:05:51 INFO  - jmeter.threads.JMeterThread: Running PostProcessors in forward order 
2012/03/02 14:05:51 INFO  - jmeter.engine.StandardJMeterEngine: All threads have been started 
2012/03/02 14:05:51 INFO  - jmeter.threads.JMeterThread: Thread started: Thread Group 1-1 
2012/03/02 14:05:51 INFO  - jmeter.services.FileServer: Stored: CSVSample_user.csv 
2012/03/02 14:05:51 INFO  - jmeter.services.FileServer: Stored: CSVSample_actions.csv 
2012/03/02 14:05:54 INFO  - jmeter.threads.JMeterThread: Stop Thread seen: org.apache.jorphan.util.JMeterStopThreadException: End of file detected 
2012/03/02 14:05:54 INFO  - jmeter.threads.JMeterThread: Thread finished: Thread Group 1-1 
2012/03/02 14:05:54 INFO  - jmeter.engine.StandardJMeterEngine: Ending thread Thread Group 1-1 
2012/03/02 14:05:54 INFO  - jmeter.engine.StandardJMeterEngine: Notifying test listeners of end of test 
2012/03/02 14:05:54 INFO  - jmeter.services.FileServer: Close: CSVSample_actions.csv 
2012/03/02 14:05:54 INFO  - jmeter.services.FileServer: Close: CSVSample_user.csv 
2012/03/02 14:05:54 INFO  - jmeter.gui.util.JMeterMenuBar: setRunning(false,*local*) 
2012/03/02 14:05:54 INFO  - jmeter.engine.StandardJMeterEngine: Test has ended on host null 
2012/03/02 14:05:56 INFO  - jmeter.engine.StandardJMeterEngine: Running the test! 
2012/03/02 14:05:56 INFO  - jmeter.gui.util.JMeterMenuBar: setRunning(true,*local*) 
2012/03/02 14:05:56 INFO  - jmeter.engine.StandardJMeterEngine: Starting 1 threads for group Thread Group. 
2012/03/02 14:05:56 INFO  - jmeter.engine.StandardJMeterEngine: Thread will continue on error 
2012/03/02 14:05:56 INFO  - jmeter.engine.StandardJMeterEngine: All threads have been started 
2012/03/02 14:05:56 INFO  - jmeter.threads.JMeterThread: Thread started: Thread Group 1-1 
2012/03/02 14:05:56 INFO  - jmeter.services.FileServer: Stored: CSVSample_user.csv 
2012/03/02 14:05:56 INFO  - jmeter.services.FileServer: Stored: CSVSample_actions.csv 
2012/03/02 14:05:59 INFO  - jmeter.threads.JMeterThread: Stop Thread seen: org.apache.jorphan.util.JMeterStopThreadException: End of file detected 
2012/03/02 14:05:59 INFO  - jmeter.threads.JMeterThread: Thread finished: Thread Group 1-1 
2012/03/02 14:05:59 INFO  - jmeter.engine.StandardJMeterEngine: Ending thread Thread Group 1-1 
2012/03/02 14:05:59 INFO  - jmeter.engine.StandardJMeterEngine: Notifying test listeners of end of test 
2012/03/02 14:05:59 INFO  - jmeter.services.FileServer: Close: CSVSample_actions.csv 
2012/03/02 14:05:59 INFO  - jmeter.services.FileServer: Close: CSVSample_user.csv 
2012/03/02 14:05:59 INFO  - jmeter.gui.util.JMeterMenuBar: setRunning(false,*local*) 
2012/03/02 14:05:59 INFO  - jmeter.engine.StandardJMeterEngine: Test has ended on host null 
